

*******************************************************************************
Wed Oct 12 11:37:39 2016


FIT:    data read from "tiempos_burbuja"
        format = z
        #datapoints = 60
        residuals are weighted equally (unit weight)

function used for fitting: f(x)
	f(x)=a*x**2 + b*x +c
fitted parameters initialized with current variable values



*******************************************************************************
Wed Oct 12 11:38:27 2016


FIT:    data read from "tiempos_burbuja"
        format = z
        #datapoints = 60
        residuals are weighted equally (unit weight)

function used for fitting: f(x)
	f(x) = a*x*x + b*x + c
fitted parameters initialized with current variable values



*******************************************************************************
Wed Oct 12 11:40:03 2016


FIT:    data read from "tiempos_burbuja"
        format = z
        #datapoints = 60
        residuals are weighted equally (unit weight)

function used for fitting: f(x)
	f(x)=a*x**2 + b*x + c
fitted parameters initialized with current variable values

iter      chisq       delta/lim  lambda   a             b             c            
   0 9.4779954109e+18   0.00e+00  2.29e+08    1.000000e+00   1.000000e+00   1.000000e+00
  12 1.7274684927e-02  -2.38e-06  2.29e-04    1.204184e-09   2.198911e-07   4.416288e-04

After 12 iterations the fit converged.
final sum of squares of residuals : 0.0172747
rel. change during last iteration : -2.38361e-11

degrees of freedom    (FIT_NDF)                        : 57
rms of residuals      (FIT_STDFIT) = sqrt(WSSR/ndf)    : 0.0174088
variance of residuals (reduced chisquare) = WSSR/ndf   : 0.000303065

Final set of parameters            Asymptotic Standard Error
=======================            ==========================
a               = 1.20418e-09      +/- 3.353e-11    (2.784%)
b               = 2.19891e-07      +/- 1.029e-06    (468%)
c               = 0.000441629      +/- 0.006612     (1497%)

correlation matrix of the fit parameters:
                a      b      c      
a               1.000 
b              -0.968  1.000 
c               0.738 -0.861  1.000 


*******************************************************************************
Wed Oct 12 11:52:28 2016


FIT:    data read from 'tiempos_burbuja'
        format = z
        #datapoints = 60
        residuals are weighted equally (unit weight)

function used for fitting: f(x)
	f(x)=a*x**2+b*x+c
fitted parameters initialized with current variable values

iter      chisq       delta/lim  lambda   a             b             c            
   0 9.4779954109e+18   0.00e+00  2.29e+08    1.000000e+00   1.000000e+00   1.000000e+00
  12 1.7274684927e-02  -2.38e-06  2.29e-04    1.204184e-09   2.198911e-07   4.416288e-04

After 12 iterations the fit converged.
final sum of squares of residuals : 0.0172747
rel. change during last iteration : -2.38361e-11

degrees of freedom    (FIT_NDF)                        : 57
rms of residuals      (FIT_STDFIT) = sqrt(WSSR/ndf)    : 0.0174088
variance of residuals (reduced chisquare) = WSSR/ndf   : 0.000303065

Final set of parameters            Asymptotic Standard Error
=======================            ==========================
a               = 1.20418e-09      +/- 3.353e-11    (2.784%)
b               = 2.19891e-07      +/- 1.029e-06    (468%)
c               = 0.000441629      +/- 0.006612     (1497%)

correlation matrix of the fit parameters:
                a      b      c      
a               1.000 
b              -0.968  1.000 
c               0.738 -0.861  1.000 
